0 info it worked if it ends with ok
1 verbose cli [ 'C:\\Program Files\\nodejs\\node.exe',
1 verbose cli   'C:\\Program Files\\nodejs\\node_modules\\npm\\bin\\npm-cli.js',
1 verbose cli   'completion' ]
2 info using npm@3.10.3
3 info using node@v6.6.0
4 verbose stack Error: npm completion supported only in MINGW / Git bash on Windows
4 verbose stack     at EventEmitter.completion (C:\Program Files\nodejs\node_modules\npm\lib\completion.js:50:13)
4 verbose stack     at Object.commandCache.(anonymous function) (C:\Program Files\nodejs\node_modules\npm\lib\npm.js:124:13)
4 verbose stack     at EventEmitter.<anonymous> (C:\Program Files\nodejs\node_modules\npm\bin\npm-cli.js:73:30)
4 verbose stack     at _combinedTickCallback (internal/process/next_tick.js:67:7)
4 verbose stack     at process._tickCallback (internal/process/next_tick.js:98:9)
5 verbose cwd C:\dev\dotfiles\vim
6 error Windows_NT 6.3.9600
7 error argv "C:\\Program Files\\nodejs\\node.exe" "C:\\Program Files\\nodejs\\node_modules\\npm\\bin\\npm-cli.js" "completion"
8 error node v6.6.0
9 error npm  v3.10.3
10 error code ENOTSUP
11 error nospc npm completion supported only in MINGW / Git bash on Windows
12 error nospc This is most likely not a problem with npm itself
12 error nospc and is related to insufficient space on your system.
13 verbose exit [ 1, true ]
